make all --print-data-base --no-builtin-variables --no-builtin-rules --question
make -C src sis
# GNU Make 4.2.1
# Built for x86_64-pc-linux-gnu
# Copyright (C) 1988-2016 Free Software Foundation, Inc.
# License GPLv3+: GNU GPL version 3 or later <http://gnu.org/licenses/gpl.html>
# This is free software: you are free to change and redistribute it.
# There is NO WARRANTY, to the extent permitted by law.

# Make data base, printed on Mon Jul 18 08:21:24 2022

# Variables

# automatic
<D = $(patsubst %/,%,$(dir $<))
# automatic
?F = $(notdir $?)
# default
.SHELLFLAGS := -c
# environment
MANSECT = 1,2,3,4,5,6,7,8
# environment
XDG_SESSION_CLASS = user
# environment
VSCODE_AGENT_FOLDER = /home/taste/.vscode-server
# makefile (from 'Makefile', line 10)
STATIC_LIBS = -Bstatic $(SIS_BUILD_DIR)/libsis.a
# makefile (from 'Makefile', line 5)
SRC = $(wildcard ./*.c)
# environment
XDG_SESSION_TYPE = tty
# makefile (from 'Makefile', line 3)
SIS_BUILD_DIR = ../$(BUILD_DIR)/$(SRC_DIR)
# automatic
?D = $(patsubst %/,%,$(dir $?))
# makefile (from 'Makefile', line 7)
LIB_SRC = $(filter-out sis.c,$(SRC))
# makefile (from '../definitions.mk', line 10)
DEFS = -DFAST_UART
# automatic
@D = $(patsubst %/,%,$(dir $@))
# automatic
@F = $(notdir $@)
# default
MAKE_VERSION := 4.2.1
# makefile
CURDIR := /home/taste/sis/sis/src
# makefile
SHELL = /bin/sh
# environment
VSCODE_NLS_CONFIG = {"locale":"en","availableLanguages":{}}
# environment
_ = /usr/bin/make
# makefile (from '../definitions.mk', line 7)
CFLAGS := -O3
# makefile (from '../definitions.mk', line 9)
CONFIG = -DHAVE_CONFIG_H 
# makefile (from '../definitions.mk', line 1)
MAKEFILE_LIST :=  Makefile ../definitions.mk
# environment
ZESTSC1 = /home/taste/tool-src/misc/ZestSC1/TASTE-VHDL-XISE.tar.bz2
# environment
HISTCONTROL = ignorespace
# 'override' directive
GNUMAKEFLAGS := 
# environment
LESS_TERMCAP_se = [0m
# makefile (from '../definitions.mk', line 2)
SIS_VERSION = 2.29
# environment
LESSOPEN = |lesspipe %s
# environment
VSCODE_CWD = /home/taste
# environment
SSH_CONNECTION = 10.0.2.2 50420 10.0.2.15 22
# environment
LESS_TERMCAP_me = [0m
# environment
LESS_TERMCAP_mb = [01;31m
# environment
XDG_RUNTIME_DIR = /run/user/1000
# makefile (from '../definitions.mk', line 14)
TEST_DIR = test/unit
# makefile (from '../definitions.mk', line 5)
AR = ar
# environment
ZYNQZC706 = /home/taste/tool-src/misc/ZynQzc706/TASTE-VHDL-DESIGN.tar.bz2
# environment
ELECTRON_RUN_AS_NODE = 1
# environment
VSCODE_IPC_HOOK_CLI = /run/user/1000/vscode-ipc-d4f7aac3-ed33-4cf9-af37-438265bef656.sock
# makefile (from '../definitions.mk', line 8)
LDFLAGS = -lm
# default
.FEATURES := target-specific order-only second-expansion else-if shortest-stem undefine oneshell archives jobserver output-sync check-symlink load
# environment
LS_COLORS = di=1
# automatic
%F = $(notdir $%)
# environment
HISTFILESIZE = 1000000
# environment
PWD = /home/taste/sis/sis
# default
.LOADED := 
# automatic
*D = $(patsubst %/,%,$(dir $*))
# environment
LESS_TERMCAP_ue = [0m
# environment
VSCODE_AMD_ENTRYPOINT = vs/workbench/api/node/extensionHostProcess
# environment
HOME = /home/taste
# environment
LD_LIBRARY_PATH = :/home/taste/tool-inst/lib:/home/taste/tool-inst/lib
# environment
OCARINA_PATH = /home/taste/tool-inst
# environment
LOGNAME = taste
# environment
APPLICATION_INSIGHTS_NO_DIAGNOSTIC_CHANNEL = 1
# automatic
+F = $(notdir $+)
# environment
VSCODE_HANDLES_UNCAUGHT_ERRORS = true
# automatic
^D = $(patsubst %/,%,$(dir $^))
# environment
LESS_TERMCAP_md = [01;37m
# environment
MAKELEVEL := 1
# default
MAKE = $(MAKE_COMMAND)
# default
MAKECMDGOALS := sis
# environment
PATH = /home/taste/.vscode-server/bin/b06ae3b2d2dbfe28bca3134cc6be65935cdfea6a/bin/remote-cli:/home/taste/.local/bin:/home/taste/bin:/home/taste/tool-src/ellidiss-GUI/TASTE-linux64/bin:/opt/rtems-5.1-2019.07.25/bin:/home/taste/bin:/usr/local/bin:/usr/bin:/bin:/usr/local/games:/usr/games:/usr/lib/git-core:/home/taste/.local/bin:/home/taste/tool-src/stlink/build/Release/src/gdbserver:/home/taste/tool-src/stlink/build/Release:/home/taste/tool-inst/share/asn1scc/:/home/taste/tool-inst/bin:/home/taste/tool-inst/share/kazoo:/home/taste/tool-src/ellidiss-GUI/TASTE-v1-linux/bin:/home/taste/tool-src/ellidiss-GUI/TASTE-v1-linux:/home/taste/tool-src/ellidiss-GUI/TASTE-linux/bin:/home/taste/tool-src/air/air:/opt/if-toolset/com:/opt/if-toolset/bin:/home/taste/bin.local
# environment
SHLVL = 1
# environment
LESS_TERMCAP_so = [01;44;33m
# makefile (from '../definitions.mk', line 4)
CC = gcc
# makefile (from '../definitions.mk', line 12)
BUILD_DIR = build
# environment
XDG_SESSION_ID = 3
# environment
EDITOR = vim
# makefile (from 'Makefile', line 31)
.DEFAULT_GOAL := sis
# environment
IF = /opt/if-toolset
# automatic
%D = $(patsubst %/,%,$(dir $%))
# default
MAKE_COMMAND := make
# makefile (from 'Makefile', line 8)
INCL = $(addprefix -I,$(sort $(dir $(wildcard ./*.h))))
# makefile (from '../definitions.mk', line 17)
RTEMS_APP_DIR = /opt/rtems-6-sparc-gr712rc-smp-4/src/example/b-gr712rc-qual-only/app.exe
# default
.VARIABLES := 
# automatic
*F = $(notdir $*)
# environment
LANGUAGE = en_US:en
# makefile (from '../definitions.mk', line 1)
SIS_NAME = sis
# environment
GITAWAREPROMPT = /home/taste/dotfiles/git-prompt/
# environment
PYTHONPATH = /home/taste/tool-inst/include/ocarina/runtime/python:/home/taste/tool-inst/lib:/home/taste/tool-inst/include/ocarina/runtime/python:/home/taste/tool-inst/lib:
# makefile
MAKEFLAGS = pqrRw
# makefile (from '../definitions.mk', line 15)
INTEGRATION_TEST_DIR = test/integration
# environment
MFLAGS = -pqrRw
# environment
SSH_CLIENT = 10.0.2.2 50420 22
# environment
MAIL = /var/mail/taste
# environment
LESS_TERMCAP_us = [01;32m
# automatic
+D = $(patsubst %/,%,$(dir $+))
# environment
BROWSER = /home/taste/.vscode-server/bin/b06ae3b2d2dbfe28bca3134cc6be65935cdfea6a/bin/helpers/browser.sh
# environment
VSCODE_HANDLES_SIGPIPE = true
# environment
PYTHONSTARTUP = /home/taste/.pythonStartup
# default
MAKEFILES := 
# makefile (from '../definitions.mk', line 13)
SRC_DIR = src
# automatic
<F = $(notdir $<)
# environment
USER = taste
# makefile (from 'Makefile', line 6)
SIS_SRC = $(filter sis.c,$(SRC))
# environment
LC_ALL = C
# environment
AIR = /home/taste/tool-src/air/air
# environment
ASSERT_IGNORE_PYTHON_ERRORS = 1
# environment
DBUS_SESSION_BUS_ADDRESS = unix:path=/run/user/1000/bus
# automatic
^F = $(notdir $^)
# default
SUFFIXES := 
# environment
HISTSIZE = 1000000
# default
.INCLUDE_DIRS = /usr/include /usr/local/include /usr/include
# default
.RECIPEPREFIX := 
# makefile (from 'Makefile', line 9)
OBJECTS := ../build/src/./greth.o ../build/src/./exec.o ../build/src/./riscv.o ../build/src/./erc32.o ../build/src/./elf.o ../build/src/./rv32.o ../build/src/./interf.o ../build/src/./leon3.o ../build/src/./help.o ../build/src/./linenoise.o ../build/src/./sparc.o ../build/src/./grlib.o ../build/src/./tap.o ../build/src/./sis.o ../build/src/./gr740.o ../build/src/./leon2.o ../build/src/./func.o ../build/src/./remote.o
# environment
GPG_TTY = not a tty
# default
MAKE_HOST := x86_64-pc-linux-gnu
# environment
LANG = C
# variable set hash-table stats:
# Load=108/1024=11%, Rehash=0, Collisions=17/164=10%

# Pattern-specific Variable Values

# No pattern-specific variable values.

# Directories

# ../build (device 2049, inode 2765565): No files, no impossibilities so far.
# . (device 2049, inode 2628512): 30 files, no impossibilities.

# 30 files, no impossibilities in 2 directories.

# Implicit Rules

../build/src/%.o: %.c | ../build/src
#  recipe to execute (from 'Makefile', line 24):
	$(CC) $(CONFIG) $(DEFS) $(INCL) $(CFLAGS) -c -o $@ $<

# 1 implicit rules, 0 (0.0%) terminal.

# Files

# Not a target:
gr740.c:
#  Implicit rule search has been done.
#  Last modified 2022-07-05 14:44:30.110597641
#  File has been updated.
#  Successfully updated.

../build/src/./leon2.o: leon2.c | ../build/src
#  Implicit rule search has been done.
#  Implicit/static pattern stem: './leon2'
#  Last modified 2022-07-15 13:33:44.873333215
#  File has been updated.
#  Successfully updated.
#  recipe to execute (from 'Makefile', line 24):
	$(CC) $(CONFIG) $(DEFS) $(INCL) $(CFLAGS) -c -o $@ $<

# Not a target:
sparc.c:
#  Implicit rule search has been done.
#  Last modified 2022-07-05 14:44:30.114599641
#  File has been updated.
#  Successfully updated.

../build/src/./sis.o: sis.c | ../build/src
#  Implicit rule search has been done.
#  Implicit/static pattern stem: './sis'
 
#  Last modified 2022-07-15 13:33:44.677431216
#  File has been updated.
#  Successfully updated.
#  recipe to execute (from 'Makefile', line 24):
	$(CC) $(CONFIG) $(DEFS) $(INCL) $(CFLAGS) -c -o $@ $<

all: sis
#  Implicit rule search has not been done.
#  Modification time never checked.
#  File has not been updated.

../build/src/./remote.o: remote.c | ../build/src
#  Implicit rule search has been done.
#  Implicit/static pattern stem: './remote'
#  Last modified 2022-07-15 13:33:45.341099215
#  File has been updated.
#  Successfully updated.
#  recipe to execute (from 'Makefile', line 24):
	$(CC) $(CONFIG) $(DEFS) $(INCL) $(CFLAGS) -c -o $@ $<

.PHONY: clean
#  Implicit rule search has not been done.
#  Modification time never checked.
#  File has not been updated.

# Not a target:
elf.c:
#  Implicit rule search has been done.
#  Last modified 2022-07-05 14:44:30.106595641
#  File has been updated.
#  Successfully updated.

# Not a target:
leon2.c:
#  Implicit rule search has been done.
#  Last modified 2022-07-05 14:44:30.110597641
#  File has been updated.
#  Successfully updated.

../build/src/./sparc.o: sparc.c | ../build/src
#  Implicit rule search has been done.
#  Implicit/static pattern stem: './sparc'
#  Last modified 2022-07-15 13:33:44.257641216
#  File has been updated.
#  Successfully updated.
#  recipe to execute (from 'Makefile', line 24):
	$(CC) $(CONFIG) $(DEFS) $(INCL) $(CFLAGS) -c -o $@ $<

../build/src/./func.o: func.c | ../build/src
#  Implicit rule search has been done.
#  Implicit/static pattern stem: './func'
#  Last modified 2022-07-15 13:33:45.209165215
#  File has been updated.
#  Successfully updated.
#  recipe to execute (from 'Makefile', line 24):
	$(CC) $(CONFIG) $(DEFS) $(INCL) $(CFLAGS) -c -o $@ $<

../build/src:
#  Implicit rule search has not been done.
#  Last modified 2022-07-15 15:54:30.760122139
#  File has been updated.
#  Successfully updated.
#  recipe to execute (from 'Makefile', line 21):
	mkdir -p $(SIS_BUILD_DIR)

# Not a target:
exec.c:
#  Implicit rule search has been done.
#  Last modified 2022-07-05 14:44:30.110597641
#  File has been updated.
#  Successfully updated.

# Not a target:
.SUFFIXES:
#  Implicit rule search has not been done.
#  Modification time never checked.
#  File has not been updated.

# Not a target:
grlib.c:
#  Implicit rule search has been done.
#  Last modified 2022-07-05 14:44:30.110597641
#  File has been updated.
#  Successfully updated.

# Not a target:
Makefile:
#  Implicit rule search has been done.
#  Last modified 2022-07-14 16:46:19.593287814
#  File has been updated.
#  Successfully updated.

../build/src/./tap.o: tap.c | ../build/src
#  Implicit rule search has been done.
#  Implicit/static pattern stem: './tap'
#  Last modified 2022-07-15 13:33:44.597471215
#  File has been updated.
#  Successfully updated.
#  recipe to execute (from 'Makefile', line 24):
	$(CC) $(CONFIG) $(DEFS) $(INCL) $(CFLAGS) -c -o $@ $<

# Not a target:
interf.c:
#  Implicit rule search has been done.
#  Last modified 2022-07-05 14:44:30.110597641
#  File has been updated.
#  Successfully updated.

../build/src/./riscv.o: riscv.c | ../build/src
#  Implicit rule search has been done.
#  Implicit/static pattern stem: './riscv'
#  Last modified 2022-07-15 13:33:42.914313216
#  File has been updated.
#  Successfully updated.
#  recipe to execute (from 'Makefile', line 24):
	$(CC) $(CONFIG) $(DEFS) $(INCL) $(CFLAGS) -c -o $@ $<

../build/src/./help.o: help.c | ../build/src
#  Implicit rule search has been done.
#  Implicit/static pattern stem: './help'
#  Last modified 2022-07-15 13:33:43.466037215
#  File has been updated.
#  Successfully updated.
#  recipe to execute (from 'Makefile', line 24):
	$(CC) $(CONFIG) $(DEFS) $(INCL) $(CFLAGS) -c -o $@ $<

# Not a target:
riscv.c:
#  Implicit rule search has been done.
#  Last modified 2022-07-05 14:44:30.110597641
#  File has been updated.
#  Successfully updated.

# Not a target:
remote.c:
#  Implicit rule search has been done.
#  Last modified 2022-07-05 14:44:30.110597641
#  File has been updated.
#  Successfully updated.

sis: libsis
#  Command line target.
#  Implicit rule search has not been done.
#  File does not exist.
#  File has been updated.
#  Needs to be updated (-q is set).
# variable set hash-table stats:
# Load=0/32=0%, Rehash=0, Collisions=0/8=0%
#  recipe to execute (from 'Makefile', line 15):
	$(CC) $(DEFS) $(CFLAGS) -o $(SIS_BUILD_DIR)/$(SIS_NAME)-$(SIS_VERSION) $(STATIC_LIBS) $(SIS_SRC) $(LDFLAGS)

# Not a target:
sis.c:
#  Implicit rule search has been done.
#  Last modified 2022-07-05 14:44:30.110597641
#  File has been updated.
#  Successfully updated.

../build/src/./elf.o: elf.c | ../build/src
#  Implicit rule search has been done.
#  Implicit/static pattern stem: './elf'
#  Last modified 2022-07-15 13:33:43.206167215
#  File has been updated.
#  Successfully updated.
#  recipe to execute (from 'Makefile', line 24):
	$(CC) $(CONFIG) $(DEFS) $(INCL) $(CFLAGS) -c -o $@ $<

../build/src/./leon3.o: leon3.c | ../build/src
#  Implicit rule search has been done.
#  Implicit/static pattern stem: './leon3'
#  Last modified 2022-07-15 13:33:43.438051214
#  File has been updated.
#  Successfully updated.
#  recipe to execute (from 'Makefile', line 24):
	$(CC) $(CONFIG) $(DEFS) $(INCL) $(CFLAGS) -c -o $@ $<

# Not a target:
func.c:
#  Implicit rule search has been done.
#  Last modified 2022-07-05 14:44:30.110597641
#  File has been updated.
#  Successfully updated.

../build/src/./exec.o: exec.c | ../build/src
#  Implicit rule search has been done.
#  Implicit/static pattern stem: './exec'
#  Last modified 2022-07-15 13:33:42.426557215
#  File has been updated.
#  Successfully updated.
#  recipe to execute (from 'Makefile', line 24):
	$(CC) $(CONFIG) $(DEFS) $(INCL) $(CFLAGS) -c -o $@ $<

# Not a target:
.DEFAULT:
#  Implicit rule search has not been done.
#  Modification time never checked.
#  File has not been updated.

../build/src/./linenoise.o: linenoise.c | ../build/src
#  Implicit rule search has been done.
#  Implicit/static pattern stem: './linenoise'
#  Last modified 2022-07-15 13:33:43.693923215
#  File has been updated.
#  Successfully updated.
#  recipe to execute (from 'Makefile', line 24):
	$(CC) $(CONFIG) $(DEFS) $(INCL) $(CFLAGS) -c -o $@ $<

libsis: ../build/src/./greth.o ../build/src/./exec.o ../build/src/./riscv.o ../build/src/./erc32.o ../build/src/./elf.o ../build/src/./rv32.o ../build/src/./interf.o ../build/src/./leon3.o ../build/src/./help.o ../build/src/./linenoise.o ../build/src/./sparc.o ../build/src/./grlib.o ../build/src/./tap.o ../build/src/./sis.o ../build/src/./gr740.o ../build/src/./leon2.o ../build/src/./func.o ../build/src/./remote.o
#  Implicit rule search has not been done.
#  Implicit/static pattern stem: ''
#  File does not exist.
#  File has been updated.
#  Needs to be updated (-q is set).
# automatic
# @ := libsis
# automatic
# % := 
# automatic
# * := 
# automatic
# + := ../build/src/./greth.o ../build/src/./exec.o ../build/src/./riscv.o ../build/src/./erc32.o ../build/src/./elf.o ../build/src/./rv32.o ../build/src/./interf.o ../build/src/./leon3.o ../build/src/./help.o ../build/src/./linenoise.o ../build/src/./sparc.o ../build/src/./grlib.o ../build/src/./tap.o ../build/src/./sis.o ../build/src/./gr740.o ../build/src/./leon2.o ../build/src/./func.o ../build/src/./remote.o
# automatic
# | := 
# automatic
# < := ../build/src/./greth.o
# automatic
# ^ := ../build/src/./greth.o ../build/src/./exec.o ../build/src/./riscv.o ../build/src/./erc32.o ../build/src/./elf.o ../build/src/./rv32.o ../build/src/./interf.o ../build/src/./leon3.o ../build/src/./help.o ../build/src/./linenoise.o ../build/src/./sparc.o ../build/src/./grlib.o ../build/src/./tap.o ../build/src/./sis.o ../build/src/./gr740.o ../build/src/./leon2.o ../build/src/./func.o ../build/src/./remote.o
# automatic
# ? := ../build/src/./greth.o ../build/src/./exec.o ../build/src/./riscv.o ../build/src/./erc32.o ../build/src/./elf.o ../build/src/./rv32.o ../build/src/./interf.o ../build/src/./leon3.o ../build/src/./help.o ../build/src/./linenoise.o ../build/src/./sparc.o ../build/src/./grlib.o ../build/src/./tap.o ../build/src/./sis.o ../build/src/./gr740.o ../build/src/./leon2.o ../build/src/./func.o ../build/src/./remote.o
# variable set hash-table stats:
# Load=8/32=25%, Rehash=0, Collisions=2/17=12%
#  recipe to execute (from 'Makefile', line 18):
	$(AR) -crsv $(SIS_BUILD_DIR)/$@.a $(OBJECTS)

../build/src/./interf.o: interf.c | ../build/src
#  Implicit rule search has been done.
#  Implicit/static pattern stem: './interf'
#  Last modified 2022-07-15 13:33:43.386077215
#  File has been updated.
#  Successfully updated.
#  recipe to execute (from 'Makefile', line 24):
	$(CC) $(CONFIG) $(DEFS) $(INCL) $(CFLAGS) -c -o $@ $<

../build/src/./greth.o: greth.c | ../build/src
#  Implicit rule search has been done.
#  Implicit/static pattern stem: './greth'
#  Last modified 2022-07-15 13:33:42.366587215
#  File has been updated.
#  Successfully updated.
#  recipe to execute (from 'Makefile', line 24):
	$(CC) $(CONFIG) $(DEFS) $(INCL) $(CFLAGS) -c -o $@ $<

../build/src/./rv32.o: rv32.c | ../build/src
#  Implicit rule search has been done.
#  Implicit/static pattern stem: './rv32'
#  Last modified 2022-07-15 13:33:43.282129215
#  File has been updated.
#  Successfully updated.
#  recipe to execute (from 'Makefile', line 24):
	$(CC) $(CONFIG) $(DEFS) $(INCL) $(CFLAGS) -c -o $@ $<

clean:
#  Phony target (prerequisite of .PHONY).
#  Implicit rule search has not been done.
#  File does not exist.
#  File has not been updated.
#  recipe to execute (from 'Makefile', line 27):
	rm -f $(OBJECTS) $(SIS_BUILD_DIR)/$(SIS_NAME)-$(SIS_VERSION)

../build/src/./gr740.o: gr740.c | ../build/src
#  Implicit rule search has been done.
#  Implicit/static pattern stem: './gr740'
#  Last modified 2022-07-15 13:33:44.725407215
#  File has been updated.
#  Successfully updated.
 
#  recipe to execute (from 'Makefile', line 24):
	$(CC) $(CONFIG) $(DEFS) $(INCL) $(CFLAGS) -c -o $@ $<

# Not a target:
leon3.c:
#  Implicit rule search has been done.
#  Last modified 2022-07-15 10:24:21.133817179
#  File has been updated.
#  Successfully updated.

# Not a target:
rv32.c:
#  Implicit rule search has been done.
#  Last modified 2022-07-05 14:44:30.110597641
#  File has been updated.
#  Successfully updated.

# Not a target:
erc32.c:
#  Implicit rule search has been done.
#  Last modified 2022-07-05 14:44:30.110597641
#  File has been updated.
#  Successfully updated.

# Not a target:
../definitions.mk:
#  Implicit rule search has been done.
#  Last modified 2022-07-14 15:20:10.077348449
#  File has been updated.
#  Successfully updated.

# Not a target:
tap.c:
#  Implicit rule search has been done.
#  Last modified 2022-07-05 14:44:30.114599641
#  File has been updated.
#  Successfully updated.

# Not a target:
linenoise.c:
#  Implicit rule search has been done.
#  Last modified 2022-07-05 14:44:30.110597641
#  File has been updated.
#  Successfully updated.

# Not a target:
help.c:
#  Implicit rule search has been done.
#  Last modified 2022-07-05 14:44:30.110597641
#  File has been updated.
#  Successfully updated.

../build/src/./grlib.o: grlib.c | ../build/src
#  Implicit rule search has been done.
#  Implicit/static pattern stem: './grlib'
#  Last modified 2022-07-15 13:33:44.537501215
#  File has been updated.
#  Successfully updated.
#  recipe to execute (from 'Makefile', line 24):
	$(CC) $(CONFIG) $(DEFS) $(INCL) $(CFLAGS) -c -o $@ $<

../build/src/./erc32.o: erc32.c | ../build/src
#  Implicit rule search has been done.
#  Implicit/static pattern stem: './erc32'
#  Last modified 2022-07-15 13:33:43.126207216
#  File has been updated.
#  Successfully updated.
#  recipe to execute (from 'Makefile', line 24):
	$(CC) $(CONFIG) $(DEFS) $(INCL) $(CFLAGS) -c -o $@ $<

# Not a target:
greth.c:
#  Implicit rule search has been done.
#  Last modified 2022-07-05 14:44:30.110597641
#  File has been updated.
#  Successfully updated.

# files hash-table stats:
# Load=46/1024=4%, Rehash=0, Collisions=10/171=6%
# VPATH Search Paths

# No 'vpath' search paths.

# No general ('VPATH' variable) search path.

# strcache buffers: 1 (0) / strings = 81 / storage = 924 B / avg = 11 B
# current buf: size = 8162 B / used = 924 B / count = 81 / avg = 11 B

# strcache performance: lookups = 170 / hit rate = 52%
# hash-table stats:
# Load=81/8192=1%, Rehash=0, Collisions=3/170=2%
# Finished Make data base on Mon Jul 18 08:21:24 2022

# GNU Make 4.2.1
# Built for x86_64-pc-linux-gnu
# Copyright (C) 1988-2016 Free Software Foundation, Inc.
# License GPLv3+: GNU GPL version 3 or later <http://gnu.org/licenses/gpl.html>
# This is free software: you are free to change and redistribute it.
# There is NO WARRANTY, to the extent permitted by law.

# Make data base, printed on Mon Jul 18 08:21:24 2022

# Variables

# automatic
<D = $(patsubst %/,%,$(dir $<))
# automatic
?F = $(notdir $?)
# default
.SHELLFLAGS := -c
# environment
MANSECT = 1,2,3,4,5,6,7,8
# environment
XDG_SESSION_CLASS = user
# environment
VSCODE_AGENT_FOLDER = /home/taste/.vscode-server
# environment
XDG_SESSION_TYPE = tty
# automatic
?D = $(patsubst %/,%,$(dir $?))
# makefile (from 'definitions.mk', line 10)
DEFS = -DFAST_UART
# automatic
@D = $(patsubst %/,%,$(dir $@))
# automatic
@F = $(notdir $@)
# default
MAKE_VERSION := 4.2.1
# makefile
CURDIR := /home/taste/sis/sis
# makefile
SHELL = /bin/sh
# environment
VSCODE_NLS_CONFIG = {"locale":"en","availableLanguages":{}}
# environment
_ = /usr/bin/make
# makefile (from 'definitions.mk', line 7)
CFLAGS := -O3
# makefile (from 'definitions.mk', line 9)
CONFIG = -DHAVE_CONFIG_H 
# makefile (from 'definitions.mk', line 1)
MAKEFILE_LIST :=  Makefile definitions.mk
# environment
ZESTSC1 = /home/taste/tool-src/misc/ZestSC1/TASTE-VHDL-XISE.tar.bz2
# environment
HISTCONTROL = ignorespace
# 'override' directive
GNUMAKEFLAGS := 
# environment
LESS_TERMCAP_se = [0m
# makefile (from 'definitions.mk', line 2)
SIS_VERSION = 2.29
# environment
LESSOPEN = |lesspipe %s
# environment
VSCODE_CWD = /home/taste
# environment
SSH_CONNECTION = 10.0.2.2 50420 10.0.2.15 22
# environment
LESS_TERMCAP_me = [0m
# environment
LESS_TERMCAP_mb = [01;31m
# environment
XDG_RUNTIME_DIR = /run/user/1000
# makefile (from 'definitions.mk', line 14)
TEST_DIR = test/unit
# makefile (from 'definitions.mk', line 5)
AR = ar
# environment
ZYNQZC706 = /home/taste/tool-src/misc/ZynQzc706/TASTE-VHDL-DESIGN.tar.bz2
# environment
ELECTRON_RUN_AS_NODE = 1
# environment
VSCODE_IPC_HOOK_CLI = /run/user/1000/vscode-ipc-d4f7aac3-ed33-4cf9-af37-438265bef656.sock
# makefile (from 'definitions.mk', line 8)
LDFLAGS = -lm
# default
.FEATURES := target-specific order-only second-expansion else-if shortest-stem undefine oneshell archives jobserver output-sync check-symlink load
# environment
LS_COLORS = di=1
# automatic
%F = $(notdir $%)
# environment
HISTFILESIZE = 1000000
# environment
PWD = /home/taste/sis/sis
# default
.LOADED := 
# automatic
*D = $(patsubst %/,%,$(dir $*))
# environment
LESS_TERMCAP_ue = [0m
# environment
VSCODE_AMD_ENTRYPOINT = vs/workbench/api/node/extensionHostProcess
# environment
HOME = /home/taste
# environment
LD_LIBRARY_PATH = :/home/taste/tool-inst/lib:/home/taste/tool-inst/lib
# environment
OCARINA_PATH = /home/taste/tool-inst
# environment
LOGNAME = taste
# environment
APPLICATION_INSIGHTS_NO_DIAGNOSTIC_CHANNEL = 1
# automatic
+F = $(notdir $+)
# environment
VSCODE_HANDLES_UNCAUGHT_ERRORS = true
# automatic
^D = $(patsubst %/,%,$(dir $^))
# environment
LESS_TERMCAP_md = [01;37m
# environment
MAKELEVEL := 0
# default
MAKE = $(MAKE_COMMAND)
# default
MAKECMDGOALS := all
# environment
PATH = /home/taste/.vscode-server/bin/b06ae3b2d2dbfe28bca3134cc6be65935cdfea6a/bin/remote-cli:/home/taste/.local/bin:/home/taste/bin:/home/taste/tool-src/ellidiss-GUI/TASTE-linux64/bin:/opt/rtems-5.1-2019.07.25/bin:/home/taste/bin:/usr/local/bin:/usr/bin:/bin:/usr/local/games:/usr/games:/usr/lib/git-core:/home/taste/.local/bin:/home/taste/tool-src/stlink/build/Release/src/gdbserver:/home/taste/tool-src/stlink/build/Release:/home/taste/tool-inst/share/asn1scc/:/home/taste/tool-inst/bin:/home/taste/tool-inst/share/kazoo:/home/taste/tool-src/ellidiss-GUI/TASTE-v1-linux/bin:/home/taste/tool-src/ellidiss-GUI/TASTE-v1-linux:/home/taste/tool-src/ellidiss-GUI/TASTE-linux/bin:/home/taste/tool-src/air/air:/opt/if-toolset/com:/opt/if-toolset/bin:/home/taste/bin.local
# environment
SHLVL = 1
# environment
LESS_TERMCAP_so = [01;44;33m
# makefile (from 'definitions.mk', line 4)
CC = gcc
# makefile (from 'definitions.mk', line 12)
BUILD_DIR = build
# environment
XDG_SESSION_ID = 3
# environment
EDITOR = vim
# makefile (from 'Makefile', line 23)
.DEFAULT_GOAL := all
# environment
IF = /opt/if-toolset
# automatic
%D = $(patsubst %/,%,$(dir $%))
# default
MAKE_COMMAND := make
# makefile (from 'definitions.mk', line 17)
RTEMS_APP_DIR = /opt/rtems-6-sparc-gr712rc-smp-4/src/example/b-gr712rc-qual-only/app.exe
# default
.VARIABLES := 
# automatic
*F = $(notdir $*)
# environment
LANGUAGE = en_US:en
# makefile (from 'definitions.mk', line 1)
SIS_NAME = sis
# environment
GITAWAREPROMPT = /home/taste/dotfiles/git-prompt/
# environment
PYTHONPATH = /home/taste/tool-inst/include/ocarina/runtime/python:/home/taste/tool-inst/lib:/home/taste/tool-inst/include/ocarina/runtime/python:/home/taste/tool-inst/lib:
# makefile
MAKEFLAGS = pqrR
# makefile (from 'definitions.mk', line 15)
INTEGRATION_TEST_DIR = test/integration
# environment
MFLAGS = -pqrR
# environment
SSH_CLIENT = 10.0.2.2 50420 22
# environment
MAIL = /var/mail/taste
# environment
LESS_TERMCAP_us = [01;32m
# automatic
+D = $(patsubst %/,%,$(dir $+))
# environment
BROWSER = /home/taste/.vscode-server/bin/b06ae3b2d2dbfe28bca3134cc6be65935cdfea6a/bin/helpers/browser.sh
# environment
VSCODE_HANDLES_SIGPIPE = true
# environment
PYTHONSTARTUP = /home/taste/.pythonStartup
# default
MAKEFILES := 
# makefile (from 'definitions.mk', line 13)
SRC_DIR = src
# automatic
 
<F = $(notdir $<)
# environment
USER = taste
# environment
LC_ALL = C
# environment
AIR = /home/taste/tool-src/air/air
# environment
ASSERT_IGNORE_PYTHON_ERRORS = 1
# environment
DBUS_SESSION_BUS_ADDRESS = unix:path=/run/user/1000/bus
# automatic
^F = $(notdir $^)
# default
SUFFIXES := 
# environment
HISTSIZE = 1000000
# default
.INCLUDE_DIRS = /usr/include /usr/local/include /usr/include
# default
.RECIPEPREFIX := 
# environment
GPG_TTY = not a tty
# default
MAKE_HOST := x86_64-pc-linux-gnu
# environment
LANG = C
# variable set hash-table stats:
# Load=101/1024=10%, Rehash=0, Collisions=15/135=11%

# Pattern-specific Variable Values

# No pattern-specific variable values.

# Directories

# . (device 2049, inode 2628455): 13 files, no impossibilities.

# 13 files, no impossibilities in 1 directories.

# Implicit Rules

# No implicit rules.

# Files

# Not a target:
definitions.mk:
#  Implicit rule search has been done.
#  Last modified 2022-07-14 15:20:10.077348449
#  File has been updated.
#  Successfully updated.

all: sis test
#  Command line target.
#  Implicit rule search has been done.
#  File does not exist.
#  File has not been updated.
# variable set hash-table stats:
# Load=0/32=0%, Rehash=0, Collisions=0/6=0%

.PHONY: clean
#  Implicit rule search has not been done.
#  Modification time never checked.
#  File has not been updated.

# Not a target:
.SUFFIXES:
#  Implicit rule search has not been done.
#  Modification time never checked.
#  File has not been updated.

# Not a target:
Makefile:
#  Implicit rule search has been done.
#  Last modified 2022-07-14 16:55:02.640678151
#  File has been updated.
#  Successfully updated.

test: libsis
#  Implicit rule search has not been done.
#  Modification time never checked.
#  File has not been updated.
#  recipe to execute (from 'Makefile', line 12):
	$(MAKE) -C $(TEST_DIR) test

sis:
#  Implicit rule search has not been done.
#  Implicit/static pattern stem: ''
#  Modification time never checked.
#  File has been updated.
#  Needs to be updated (-q is set).
# automatic
# @ := sis
# automatic
# % := 
# automatic
# * := 
# automatic
# + := 
# automatic
# | := 
# automatic
# < := 
# automatic
# ^ := 
# automatic
# ? := 
# variable set hash-table stats:
# Load=8/32=25%, Rehash=0, Collisions=2/14=14%
#  recipe to execute (from 'Makefile', line 6):
	$(MAKE) -C $(SRC_DIR) sis

# Not a target:
.DEFAULT:
#  Implicit rule search has not been done.
#  Modification time never checked.
#  File has not been updated.

libsis:
#  Implicit rule search has not been done.
#  Modification time never checked.
#  File has not been updated.
#  recipe to execute (from 'Makefile', line 9):
	$(MAKE) -C $(SRC_DIR) libsis

clean:
#  Phony target (prerequisite of .PHONY).
#  Implicit rule search has not been done.
#  File does not exist.
#  File has not been updated.
#  recipe to execute (from 'Makefile', line 18):
	$(MAKE) -C $(SRC_DIR) clean
	rm -rf $(BUILD_DIR)

check: sis
#  Implicit rule search has not been done.
#  Modification time never checked.
#  File has not been updated.
#  recipe to execute (from 'Makefile', line 15):
	$(MAKE) -C $(INTEGRATION_TEST_DIR) check

# files hash-table stats:
# Load=11/1024=1%, Rehash=0, Collisions=0/32=0%
# VPATH Search Paths

# No 'vpath' search paths.

# No general ('VPATH' variable) search path.

# strcache buffers: 1 (0) / strings = 23 / storage = 179 B / avg = 7 B
# current buf: size = 8162 B / used = 179 B / count = 23 / avg = 7 B

# strcache performance: lookups = 44 / hit rate = 47%
# hash-table stats:
# Load=23/8192=0%, Rehash=0, Collisions=1/44=2%
# Finished Make data base on Mon Jul 18 08:21:24 2022

 
